2026-03-01 14:25:50 +0000 [MT] Initial pipeline context: <IDEDistributionProcessingPipelineContext: 0xb4b908c00; archive(resolved)="<IDEArchive: 0xb4c7174f0>", distributionTask(resolved)="2", distributionDestination(resolved)="1", distributionMethod(resolved)="<IDEDistributionMethodDevelopmentSigned: 0xb4d597ae0>", team(resolved)="<IDEProvisioningBasicTeam: 0xb4c7826c0; teamID='JRMTH65Z3H', teamName='(null)'>">
	Chain (14, self inclusive):
	<IDEDistributionProcessingPipelineContext: 0xb4b908c00; archive = "<IDEArchive: 0xb4c7174f0>", distributionMethod="<IDEDistributionMethodDevelopmentSigned: 0xb4d597ae0>", team="<IDEProvisioningBasicTeam: 0xb4c7826c0; teamID='JRMTH65Z3H', teamName='(null)'>">
	<IDEDistributionProcessingPipelineContext: 0xb4b908f00; archive = "<IDEArchive: 0xb4c7174f0>", distributionMethod="<IDEDistributionMethodDevelopmentSigned: 0xb4d597ae0>", team="<IDEProvisioningBasicTeam: 0xb4c7826c0; teamID='JRMTH65Z3H', teamName='(null)'>">
	<IDEDistributionContext: 0xb4b8c6300; archive = "<IDEArchive: 0xb4c7174f0>", distributionMethod="<IDEDistributionMethodDevelopmentSigned: 0xb4d597ae0>", team="<IDEProvisioningBasicTeam: 0xb4c7826c0; teamID='JRMTH65Z3H', teamName='(null)'>">
	<IDEDistributionContext: 0xb4b8c5400; archive = "<IDEArchive: 0xb4c7174f0>", distributionMethod="<IDEDistributionMethodDevelopmentSigned: 0xb4d597ae0>", team="<IDEProvisioningBasicTeam: 0xb4c7826c0; teamID='JRMTH65Z3H', teamName='(null)'>">
	<IDEDistributionContext: 0xb4b8c5180; archive = "<IDEArchive: 0xb4c7174f0>", distributionMethod="<IDEDistributionMethodDevelopmentSigned: 0xb4d597ae0>", team="<IDEProvisioningBasicTeam: 0xb4c7826c0; teamID='JRMTH65Z3H', teamName='(null)'>">
	<IDEDistributionContext: 0xb4b8c4f00; archive = "<IDEArchive: 0xb4c7174f0>", distributionMethod="<IDEDistributionMethodDevelopmentSigned: 0xb4d597ae0>", team="<IDEProvisioningBasicTeam: 0xb4c7826c0; teamID='JRMTH65Z3H', teamName='(null)'>">
	<IDEDistributionContext: 0xb4b8c4c80; archive = "<IDEArchive: 0xb4c7174f0>", distributionMethod="<IDEDistributionMethodDevelopmentSigned: 0xb4d597ae0>", team="<IDEProvisioningBasicTeam: 0xb4c7826c0; teamID='JRMTH65Z3H', teamName='(null)'>">
	<IDEDistributionContext: 0xb4b8c4a00; archive = "<IDEArchive: 0xb4c7174f0>", distributionMethod="<IDEDistributionMethodDevelopmentSigned: 0xb4d597ae0>", team="<IDEProvisioningBasicTeam: 0xb4c7826c0; teamID='JRMTH65Z3H', teamName='(null)'>">
	<IDEDistributionContext: 0xb4b8c4780; archive = "<IDEArchive: 0xb4c7174f0>", distributionMethod="<IDEDistributionMethodDevelopmentSigned: 0xb4d597ae0>", team="<IDEProvisioningBasicTeam: 0xb4c7826c0; teamID='JRMTH65Z3H', teamName='(null)'>">
	<IDEDistributionContext: 0xb4b8c4500; archive = "<IDEArchive: 0xb4c7174f0>", distributionMethod="<IDEDistributionMethodDevelopmentSigned: 0xb4d597ae0>", team="(null)">
	<IDEDistributionContext: 0xb4b8c4280; archive = "<IDEArchive: 0xb4c7174f0>", distributionMethod="<IDEDistributionMethodDevelopmentSigned: 0xb4d597ae0>", team="(null)">
	<IDEDistributionContext: 0xb4b8c4000; archive = "<IDEArchive: 0xb4c7174f0>", distributionMethod="<IDEDistributionMethodDevelopmentSigned: 0xb4d597ae0>", team="(null)">
	<IDEDistributionContext: 0x104b47210; archive = "<IDEArchive: 0xb4c7174f0>", distributionMethod="<IDEDistributionMethodDevelopmentSigned: 0xb4d597ae0>", team="(null)">
	<IDEDistributionContext: 0x104b45510; archive = "<IDEArchive: 0xb4c7174f0>", distributionMethod="(null)", team="(null)">
</IDEDistributionProcessingPipelineContext: 0xb4b908c00>
2026-03-01 14:25:50 +0000 [MT] Processing step: IDEDistributionCreateDestRootStep
2026-03-01 14:25:50 +0000 [MT] Processing step: IDEDistributionCopyItemStep
2026-03-01 14:25:50 +0000 [MT] Running /usr/bin/ditto '-V' '/Users/ibrahim/Documents/Code/yuhanime/build/yuhanime.xcarchive/Products/Applications/yuhanime.app' '/var/folders/_9/47t13ly90m94ntdtx1h8f93c0000gn/T/XcodeDistPipeline.~~~lTyKUg/Root/Payload/yuhanime.app'
2026-03-01 14:25:50 +0000  >>> Copying /Users/ibrahim/Documents/Code/yuhanime/build/yuhanime.xcarchive/Products/Applications/yuhanime.app 
2026-03-01 14:25:50 +0000  copying file ./_CodeSignature/CodeResources ... 
2026-03-01 14:25:50 +0000  2111 bytes for ./_CodeSignature/CodeResources
2026-03-01 14:25:50 +0000  copying file ./yuhanime ... 
2026-03-01 14:25:50 +0000  919312 bytes for ./yuhanime
2026-03-01 14:25:50 +0000  copying file ./embedded.mobileprovision ... 
2026-03-01 14:25:50 +0000  14293 bytes for ./embedded.mobileprovision
2026-03-01 14:25:50 +0000  copying file ./Info.plist ... 
2026-03-01 14:25:50 +0000  833 bytes for ./Info.plist
2026-03-01 14:25:50 +0000  copying file ./PkgInfo ... 
2026-03-01 14:25:50 +0000  8 bytes for ./PkgInfo
2026-03-01 14:25:50 +0000 [MT] /usr/bin/ditto exited with 0
2026-03-01 14:25:50 +0000 [MT] Processing step: IDEDistributionEmbedProfileStep
2026-03-01 14:25:50 +0000 [MT] Processing step: IDEDistributionInfoPlistStep
2026-03-01 14:25:50 +0000 [MT] Skipping step: IDEDistributionInfoPlistStep because it said so
2026-03-01 14:25:50 +0000 [MT] Processing step: IDEDistributionAppThinningPlistStep
2026-03-01 14:25:50 +0000 [MT] Skipping step: IDEDistributionAppThinningPlistStep because it said so
2026-03-01 14:25:50 +0000 [MT] Processing step: IDEDistributionSymbolsStep
2026-03-01 14:25:50 +0000 [MT] Skipping step: IDEDistributionSymbolsStep because it said so
2026-03-01 14:25:50 +0000 [MT] Processing step: IDEDistributionAppThinningStep
2026-03-01 14:25:50 +0000 [MT] Skipping step: IDEDistributionAppThinningStep because it said so
2026-03-01 14:25:50 +0000 [MT] Processing step: IDEDistributionArchThinningStep
2026-03-01 14:25:50 +0000 [MT] Archs to thin for item /Users/ibrahim/Documents/Code/yuhanime/build/yuhanime.xcarchive/Products/Applications/yuhanime.app are []
2026-03-01 14:25:50 +0000 [MT] Processing step: IDEDistributionODRStep
2026-03-01 14:25:50 +0000 [MT] Processing step: IDEDistributionStripXattrsStep
2026-03-01 14:25:50 +0000 [MT] Skipping stripping extended attributes because the codesign step will strip them.
2026-03-01 14:25:50 +0000 [MT] Processing step: IDEDistributionCodesignStep
2026-03-01 14:25:50 +0000 [MT] Entitlements for <IDEDistributionItem: 0xb4dd89380; bundleID='com.yuhanime.app', path='<DVTFilePath:0xb4dd378a0:'/Users/ibrahim/Documents/Code/yuhanime/build/yuhanime.xcarchive/Products/Applications/yuhanime.app'>', codeSigningInfo='<_DVTCodeSigningInformation_Path: 0xb4dd89320; isSigned='1', isAdHocSigned='0', signingCertificate='<DVTSigningCertificate: 0xb4ddf80c0; name='Apple Development: batonchik2004@gmail.com (P856YZXS33)', hash='6485FE979313DE4A77702A53A0979CD7CF39D329', serialNumber='27A0256BC1822C3A6F766C7CAF63CC6F', certificateKinds='(
    "1.2.840.113635.100.6.1.12",
    "1.2.840.113635.100.6.1.2"
), issueDate='2026-02-28 18:44:23 +0000''>', entitlements='{
    "application-identifier" = "JRMTH65Z3H.com.yuhanime.app";
    "com.apple.developer.team-identifier" = JRMTH65Z3H;
    "get-task-allow" = 1;
}', teamID='JRMTH65Z3H', identifier='com.yuhanime.app', executablePath='<DVTFilePath:0xb4dd88de0:'/Users/ibrahim/Documents/Code/yuhanime/build/yuhanime.xcarchive/Products/Applications/yuhanime.app/yuhanime'>', hardenedRuntime='0'>'>: {
    "application-identifier" = "JRMTH65Z3H.com.yuhanime.app";
    "com.apple.developer.team-identifier" = JRMTH65Z3H;
    "get-task-allow" = 1;
}
2026-03-01 14:25:50 +0000 [MT] Associated App Clip Identifiers Filter: Skipping because "com.apple.developer.associated-appclip-app-identifiers" is not present
2026-03-01 14:25:50 +0000 [MT] Entitlements for <IDEDistributionItem: 0xb4dd89380; bundleID='com.yuhanime.app', path='<DVTFilePath:0xb4dd378a0:'/Users/ibrahim/Documents/Code/yuhanime/build/yuhanime.xcarchive/Products/Applications/yuhanime.app'>', codeSigningInfo='<_DVTCodeSigningInformation_Path: 0xb4dd89320; isSigned='1', isAdHocSigned='0', signingCertificate='<DVTSigningCertificate: 0xb4ddf8300; name='Apple Development: batonchik2004@gmail.com (P856YZXS33)', hash='6485FE979313DE4A77702A53A0979CD7CF39D329', serialNumber='27A0256BC1822C3A6F766C7CAF63CC6F', certificateKinds='(
    "1.2.840.113635.100.6.1.12",
    "1.2.840.113635.100.6.1.2"
), issueDate='2026-02-28 18:44:23 +0000''>', entitlements='{
    "application-identifier" = "JRMTH65Z3H.com.yuhanime.app";
    "com.apple.developer.team-identifier" = JRMTH65Z3H;
    "get-task-allow" = 1;
}', teamID='JRMTH65Z3H', identifier='com.yuhanime.app', executablePath='<DVTFilePath:0xb4dd88de0:'/Users/ibrahim/Documents/Code/yuhanime/build/yuhanime.xcarchive/Products/Applications/yuhanime.app/yuhanime'>', hardenedRuntime='0'>'> are: {
    "application-identifier" = "JRMTH65Z3H.com.yuhanime.app";
    "com.apple.developer.team-identifier" = JRMTH65Z3H;
    "get-task-allow" = 1;
}
2026-03-01 14:25:50 +0000 [MT] Writing entitlements for <IDEDistributionItem: 0xb4dd89380; bundleID='com.yuhanime.app', path='<DVTFilePath:0xb4dd378a0:'/Users/ibrahim/Documents/Code/yuhanime/build/yuhanime.xcarchive/Products/Applications/yuhanime.app'>', codeSigningInfo='<_DVTCodeSigningInformation_Path: 0xb4dd89320; isSigned='1', isAdHocSigned='0', signingCertificate='<DVTSigningCertificate: 0xb4ddf8300; name='Apple Development: batonchik2004@gmail.com (P856YZXS33)', hash='6485FE979313DE4A77702A53A0979CD7CF39D329', serialNumber='27A0256BC1822C3A6F766C7CAF63CC6F', certificateKinds='(
    "1.2.840.113635.100.6.1.12",
    "1.2.840.113635.100.6.1.2"
), issueDate='2026-02-28 18:44:23 +0000''>', entitlements='{
    "application-identifier" = "JRMTH65Z3H.com.yuhanime.app";
    "com.apple.developer.team-identifier" = JRMTH65Z3H;
    "get-task-allow" = 1;
}', teamID='JRMTH65Z3H', identifier='com.yuhanime.app', executablePath='<DVTFilePath:0xb4dd88de0:'/Users/ibrahim/Documents/Code/yuhanime/build/yuhanime.xcarchive/Products/Applications/yuhanime.app/yuhanime'>', hardenedRuntime='0'>'> to: /var/folders/_9/47t13ly90m94ntdtx1h8f93c0000gn/T/XcodeDistPipeline.~~~lTyKUg/entitlements~~~qCLRwp
2026-03-01 14:25:50 +0000 [MT] invoking codesign: <NSConcreteTask: 0xb4de775c0; launchPath='/usr/bin/codesign', arguments='(
    "-f",
    "-s",
    6485FE979313DE4A77702A53A0979CD7CF39D329,
    "--entitlements",
    "/var/folders/_9/47t13ly90m94ntdtx1h8f93c0000gn/T/XcodeDistPipeline.~~~lTyKUg/entitlements~~~qCLRwp",
    "--preserve-metadata=identifier,flags,runtime,launch-constraints,library-constraints",
    "--generate-entitlement-der",
    "--strip-disallowed-xattrs",
    "-vvv",
    "/var/folders/_9/47t13ly90m94ntdtx1h8f93c0000gn/T/XcodeDistPipeline.~~~lTyKUg/Root/Payload/yuhanime.app"
)'>
2026-03-01 14:25:53 +0000 [MT] codesign output: /var/folders/_9/47t13ly90m94ntdtx1h8f93c0000gn/T/XcodeDistPipeline.~~~lTyKUg/Root/Payload/yuhanime.app: replacing existing signature
/var/folders/_9/47t13ly90m94ntdtx1h8f93c0000gn/T/XcodeDistPipeline.~~~lTyKUg/Root/Payload/yuhanime.app: signed app bundle with Mach-O thin (arm64) [com.yuhanime.app]
2026-03-01 14:25:53 +0000 [MT] Processing step: IDEDistributionZipODRItemStep
2026-03-01 14:25:53 +0000 [MT] Skipping step: IDEDistributionZipODRItemStep because it said so
2026-03-01 14:25:53 +0000 [MT] Processing step: IDEDistributionCreateIPAStep
2026-03-01 14:25:53 +0000 [MT] Running /usr/bin/ditto '-V' '-c' '-k' '--norsrc' '/var/folders/_9/47t13ly90m94ntdtx1h8f93c0000gn/T/XcodeDistPipeline.~~~lTyKUg/Root' '/var/folders/_9/47t13ly90m94ntdtx1h8f93c0000gn/T/XcodeDistPipeline.~~~lTyKUg/Packages/yuhanime.ipa'
2026-03-01 14:25:53 +0000  >>> Copying /var/folders/_9/47t13ly90m94ntdtx1h8f93c0000gn/T/XcodeDistPipeline.~~~lTyKUg/Root 
2026-03-01 14:25:53 +0000  copying file ./Payload/yuhanime.app/_CodeSignature/CodeResources ... 
2026-03-01 14:25:53 +0000  2111 bytes for ./Payload/yuhanime.app/_CodeSignature/CodeResources
2026-03-01 14:25:53 +0000  copying file ./Payload/yuhanime.app/yuhanime ... 
2026-03-01 14:25:53 +0000  919312 bytes for ./Payload/yuhanime.app/yuhanime
2026-03-01 14:25:53 +0000  copying file ./Payload/yuhanime.app/embedded.mobileprovision ... 
2026-03-01 14:25:53 +0000  14293 bytes for ./Payload/yuhanime.app/embedded.mobileprovision
2026-03-01 14:25:53 +0000  copying file ./Payload/yuhanime.app/Info.plist ... 
2026-03-01 14:25:53 +0000  833 bytes for ./Payload/yuhanime.app/Info.plist
2026-03-01 14:25:53 +0000  copying file ./Payload/yuhanime.app/PkgInfo ... 
2026-03-01 14:25:53 +0000  8 bytes for ./Payload/yuhanime.app/PkgInfo
2026-03-01 14:25:53 +0000 [MT] /usr/bin/ditto exited with 0
2026-03-01 14:25:53 +0000 [MT] Processing step: IDEDistributionAppStoreInformationStep
2026-03-01 14:25:53 +0000 [MT] Skipping step: IDEDistributionAppStoreInformationStep because it said so
2026-03-01 14:25:53 +0000 [MT] Processing step: IDEDistributionGenerateProcessedDistributionItems
2026-03-01 14:25:53 +0000 [MT] IDEDistributionItem init <DVTFilePath:0xb4df05d40:'/var/folders/_9/47t13ly90m94ntdtx1h8f93c0000gn/T/XcodeDistPipeline.~~~lTyKUg/Root/Payload/yuhanime.app'>
2026-03-01 14:25:53 +0000 [MT] Processing step: IDEDistributionCreateManifestStep
